Using pre-set license
Built from '2020.3/staging' branch; Version is '2020.3.48f1 (b805b124c6b7) revision 12060081'; Using compiler version '192528614'; Build Type 'Release'
OS: 'Windows 10  (10.0.19045) 64bit CoreSingleLanguage' Language: 'es' Physical Memory: 16302 MB
BatchMode: 1, IsHumanControllingUs: 0, StartBugReporterOnCrash: 0, Is64bit: 1, IsPro: 0

COMMAND LINE ARGUMENTS:
C:\Program Files\Unity 2020.3.48f1\Editor\Unity.exe
-adb2
-batchMode
-noUpm
-name
AssetImportWorker0
-projectPath
C:/Users/NANDO/Documents/RepositoryGameClone
-logFile
Logs/AssetImportWorker0.log
-srvPort
59208
Successfully changed project path to: C:/Users/NANDO/Documents/RepositoryGameClone
C:/Users/NANDO/Documents/RepositoryGameClone
Using Asset Import Pipeline V2.
Player connection [8524] Host "[IP] 10.254.15.244 [Port] 1073959712 [Flags] 2 [Guid] 3922591754 [EditorId] 3922591754 [Version] 1048832 [Id] WindowsEditor(7,DESKTOP-OK8GQCD) [Debug] 1 [PackageName] WindowsEditor [ProjectName] Editor" joined multi-casting on [225.0.0.222:54997]...

Player connection [8524] Host "[IP] 10.254.15.244 [Port] 1073959712 [Flags] 2 [Guid] 3922591754 [EditorId] 3922591754 [Version] 1048832 [Id] WindowsEditor(7,DESKTOP-OK8GQCD) [Debug] 1 [PackageName] WindowsEditor [ProjectName] Editor" joined alternative multi-casting on [225.0.0.222:34997]...

Refreshing native plugins compatible for Editor in 145.88 ms, found 3 plugins.
Preloading 0 native plugins for Editor in 0.00 ms.
Initialize engine version: 2020.3.48f1 (b805b124c6b7)
[Subsystems] Discovering subsystems at path C:/Program Files/Unity 2020.3.48f1/Editor/Data/Resources/UnitySubsystems
[Subsystems] Discovering subsystems at path C:/Users/NANDO/Documents/RepositoryGameClone/Assets
GfxDevice: creating device client; threaded=0
Direct3D:
    Version:  Direct3D 11.0 [level 11.0]
    Renderer: NVIDIA GeForce GTX 765M (ID=0x11e1)
    Vendor:   
    VRAM:     2007 MB
    Driver:   25.21.14.2531
Initialize mono
Mono path[0] = 'C:/Program Files/Unity 2020.3.48f1/Editor/Data/Managed'
Mono path[1] = 'C:/Program Files/Unity 2020.3.48f1/Editor/Data/MonoBleedingEdge/lib/mono/unityjit'
Mono config path = 'C:/Program Files/Unity 2020.3.48f1/Editor/Data/MonoBleedingEdge/etc'
Using monoOptions --debugger-agent=transport=dt_socket,embedding=1,server=y,suspend=n,address=127.0.0.1:56852
Begin MonoManager ReloadAssembly
Registering precompiled unity dll's ...
Register platform support module: C:/Program Files/Unity 2020.3.48f1/Editor/Data/PlaybackEngines/WindowsStandaloneSupport/UnityEditor.WindowsStandalone.Extensions.dll
Registered in 0.008069 seconds.
Native extension for WindowsStandalone target not found
Refreshing native plugins compatible for Editor in 81.44 ms, found 3 plugins.
Preloading 0 native plugins for Editor in 0.00 ms.
Mono: successfully reloaded assembly
- Completed reload, in  1.690 seconds
Domain Reload Profiling:
	ReloadAssembly (1691ms)
		BeginReloadAssembly (319ms)
			ExecutionOrderSort (0ms)
			DisableScriptedObjects (0ms)
			BackupInstance (0ms)
			ReleaseScriptingObjects (0ms)
			CreateAndSetChildDomain (1ms)
		EndReloadAssembly (1085ms)
			LoadAssemblies (305ms)
			RebuildTransferFunctionScriptingTraits (0ms)
			SetupTypeCache (422ms)
			ReleaseScriptCaches (0ms)
			RebuildScriptCaches (58ms)
			SetupLoadedEditorAssemblies (363ms)
				LogAssemblyErrors (0ms)
				InitializePlatformSupportModulesInManaged (14ms)
				SetLoadedEditorAssemblies (0ms)
				RefreshPlugins (82ms)
				BeforeProcessingInitializeOnLoad (33ms)
				ProcessInitializeOnLoadAttributes (174ms)
				ProcessInitializeOnLoadMethodAttributes (58ms)
				AfterProcessingInitializeOnLoad (0ms)
				EditorAssembliesLoaded (0ms)
			ExecutionOrderSort2 (0ms)
			AwakeInstancesAfterBackupRestoration (0ms)
Platform modules already initialized, skipping
Registering precompiled user dll's ...
Registered in 0.016475 seconds.
Begin MonoManager ReloadAssembly
Native extension for WindowsStandalone target not found
Refreshing native plugins compatible for Editor in 124.61 ms, found 3 plugins.
Preloading 0 native plugins for Editor in 0.00 ms.
Mono: successfully reloaded assembly
- Completed reload, in  4.548 seconds
Domain Reload Profiling:
	ReloadAssembly (4552ms)
		BeginReloadAssembly (697ms)
			ExecutionOrderSort (0ms)
			DisableScriptedObjects (15ms)
			BackupInstance (0ms)
			ReleaseScriptingObjects (0ms)
			CreateAndSetChildDomain (76ms)
		EndReloadAssembly (3626ms)
			LoadAssemblies (410ms)
			RebuildTransferFunctionScriptingTraits (0ms)
			SetupTypeCache (834ms)
			ReleaseScriptCaches (1ms)
			RebuildScriptCaches (331ms)
			SetupLoadedEditorAssemblies (1776ms)
				LogAssemblyErrors (0ms)
				InitializePlatformSupportModulesInManaged (11ms)
				SetLoadedEditorAssemblies (0ms)
				RefreshPlugins (125ms)
				BeforeProcessingInitializeOnLoad (636ms)
				ProcessInitializeOnLoadAttributes (866ms)
				ProcessInitializeOnLoadMethodAttributes (70ms)
				AfterProcessingInitializeOnLoad (67ms)
				EditorAssembliesLoaded (0ms)
			ExecutionOrderSort2 (0ms)
			AwakeInstancesAfterBackupRestoration (6ms)
Platform modules already initialized, skipping
========================================================================
Worker process is ready to serve import requests
Launched and connected shader compiler UnityShaderCompiler.exe after 0.12 seconds
Refreshing native plugins compatible for Editor in 0.98 ms, found 3 plugins.
Preloading 0 native plugins for Editor in 0.00 ms.
Unloading 2014 Unused Serialized files (Serialized files now loaded: 0)
System memory in use before: 92.1 MB.
System memory in use after: 92.2 MB.

Unloading 25 unused Assets to reduce memory usage. Loaded Objects now: 2452.
Total: 9.171700 ms (FindLiveObjects: 0.395300 ms CreateObjectMapping: 0.402500 ms MarkObjects: 8.258700 ms  DeleteObjects: 0.112700 ms)

AssetImportParameters requested are different than current active one (requested -> active):
  custom:framework-win-MediaFoundation: 216162199b28c13a410421893ffa2e32 -> 
  custom:video-decoder-ogg-theora: a1e56fd34408186e4bbccfd4996cb3dc -> 
  custom:container-muxer-webm: aa71ff27fc2769a1b78a27578f13a17b -> 
  custom:container-demuxer-webm: 4f35f7cbe854078d1ac9338744f61a02 -> 
  custom:container-demuxer-ogg: 62fdf1f143b41e24485cea50d1cbac27 -> 
  custom:video-encoder-webm-vp8: eb34c28f22e8b96e1ab97ce403110664 -> 
  custom:video-decoder-webm-vp8: 9c59270c3fd7afecdb556c50c9e8de78 -> 
  custom:audio-decoder-ogg-vorbis: bf7c407c2cedff20999df2af8eb42d56 -> 
  custom:audio-encoder-webm-vorbis: bf7c407c2cedff20999df2af8eb42d56 -> 
========================================================================
Received Import Request.
  path: Assets/00_Scenes/SampleScene.unity
  artifactKey: Guid(2cda990e2423bbf4892e6590ba056729) Importer(815301076,1909f56bfc062723c751e8b465ee728b)
Start importing Assets/00_Scenes/SampleScene.unity using Guid(2cda990e2423bbf4892e6590ba056729) Importer(815301076,1909f56bfc062723c751e8b465ee728b)  -> (artifact id: '83b4a4323382d04deaf36d0ca6c7c12c') in 0.015040 seconds 
========================================================================
Received Import Request.
  Time since last request: 0.191616 seconds.
  path: Assets/03_Sprites/BobbyPlayer.png
  artifactKey: Guid(c0cd69c89e98ac94bb9404908a20ee7e) Importer(815301076,1909f56bfc062723c751e8b465ee728b)
Start importing Assets/03_Sprites/BobbyPlayer.png using Guid(c0cd69c89e98ac94bb9404908a20ee7e) Importer(815301076,1909f56bfc062723c751e8b465ee728b)  -> (artifact id: 'dd7e72a68d471257441c559f810e800b') in 0.791398 seconds 
========================================================================
Received Import Request.
  Time since last request: 0.000096 seconds.
  path: Assets/03_Sprites/JimmyPlayer.png
  artifactKey: Guid(156ebfc2c4bbbba409987be585e0022d) Importer(815301076,1909f56bfc062723c751e8b465ee728b)
Start importing Assets/03_Sprites/JimmyPlayer.png using Guid(156ebfc2c4bbbba409987be585e0022d) Importer(815301076,1909f56bfc062723c751e8b465ee728b)  -> (artifact id: 'ceb316218af8f6dea9ceb16e222a3c05') in 0.309329 seconds 
========================================================================
Received Import Request.
  Time since last request: 0.000527 seconds.
  path: Assets/03_Sprites/GastonPlayer.png
  artifactKey: Guid(31817cb387f4e0442b4f900e48d41321) Importer(815301076,1909f56bfc062723c751e8b465ee728b)
Start importing Assets/03_Sprites/GastonPlayer.png using Guid(31817cb387f4e0442b4f900e48d41321) Importer(815301076,1909f56bfc062723c751e8b465ee728b)  -> (artifact id: '179d381931b9237048fe2dbe717f1abb') in 0.064960 seconds 
========================================================================
Received Import Request.
  Time since last request: 30.744498 seconds.
  path: Assets/03_Sprites/BobbyPlayer.png
  artifactKey: Guid(c0cd69c89e98ac94bb9404908a20ee7e) Importer(815301076,1909f56bfc062723c751e8b465ee728b)
Start importing Assets/03_Sprites/BobbyPlayer.png using Guid(c0cd69c89e98ac94bb9404908a20ee7e) Importer(815301076,1909f56bfc062723c751e8b465ee728b)  -> (artifact id: '56cf6cc7b55ae656261d80edcbc60a4b') in 0.044295 seconds 
========================================================================
Received Import Request.
  Time since last request: 361.756626 seconds.
  path: Assets/03_Sprites/BobbyPlayer.png
  artifactKey: Guid(c0cd69c89e98ac94bb9404908a20ee7e) Importer(815301076,1909f56bfc062723c751e8b465ee728b)
Start importing Assets/03_Sprites/BobbyPlayer.png using Guid(c0cd69c89e98ac94bb9404908a20ee7e) Importer(815301076,1909f56bfc062723c751e8b465ee728b)  -> (artifact id: 'a14dc9bab6569877f4cb152cabee9390') in 0.064497 seconds 
AssetImportWorkerClient::OnTransportError - code=2 error=End of file
